Initializing AMReX (25.03-10-gc35770e39300)...
MPI initialized with 4 MPI processes
MPI initialized with thread support level 0
Initializing CUDA...
Multiple GPUs are visible to each MPI rank. This is usually not an issue. But this may lead to incorrect or suboptimal rank-to-GPU mapping.!
CUDA initialized with 4 devices.
AMReX (25.03-10-gc35770e39300) initialized
HiPACE++ (v24.08-48-ge04bbfc3b91d) running in double precision
using CUDA version 12.6.85
using the leapfrog plasma particle pusher
00:00:00 Rank 0 started step 0 at time = 0 with dt = 3.253476639e-12
00:00:00 Rank 1 started step 1 at time = 3.253476639e-12 with dt = 3.253476639e-12
00:00:00 Rank 2 started step 2 at time = 6.506953277e-12 with dt = 3.253476639e-12
00:00:00 Rank 3 started step 3 at time = 9.760429916e-12 with dt = 3.253476639e-12
00:01:03 Rank 0 started step 4 at time = 1.301390655e-11 with dt = 3.253319175e-12
00:01:03 Rank 1 started step 5 at time = 1.626722573e-11 with dt = 3.253115899e-12
00:01:03 Rank 2 started step 6 at time = 1.952034163e-11 with dt = 3.252895161e-12
00:01:03 Rank 3 started step 7 at time = 2.277323679e-11 with dt = 3.252648231e-12
00:01:28 Rank 0 started step 8 at time = 2.602588502e-11 with dt = 3.252365619e-12
00:01:29 Rank 1 started step 9 at time = 2.927825064e-11 with dt = 3.252038232e-12
00:01:29 Rank 2 started step 10 at time = 3.253028887e-11 with dt = 3.251659509e-12
00:01:30 Rank 3 started step 11 at time = 3.578194838e-11 with dt = 3.251227836e-12
00:01:55 Rank 0 started step 12 at time = 3.903317622e-11 with dt = 3.25074967e-12
00:01:58 Rank 1 started step 13 at time = 4.228392589e-11 with dt = 3.250236855e-12
00:01:59 Rank 2 started step 14 at time = 4.553416274e-11 with dt = 3.249687311e-12
00:02:01 Rank 3 started step 15 at time = 4.878385005e-11 with dt = 3.249106068e-12
00:02:26 Rank 0 started step 16 at time = 5.203295612e-11 with dt = 3.248499086e-12
00:02:29 Rank 1 started step 17 at time = 5.528145521e-11 with dt = 3.247871143e-12
00:02:31 Rank 2 started step 18 at time = 5.852932635e-11 with dt = 3.247225609e-12
00:02:33 Rank 3 started step 19 at time = 6.177655196e-11 with dt = 3.246565137e-12
00:02:58 Rank 0 started step 20 at time = 6.50231171e-11 with dt = 3.245891626e-12
00:03:01 Rank 1 started step 21 at time = 6.826900872e-11 with dt = 3.245206596e-12
00:03:03 Rank 2 started step 22 at time = 7.151421532e-11 with dt = 3.244511717e-12
00:03:05 Rank 3 started step 23 at time = 7.475872704e-11 with dt = 3.243809131e-12
00:03:30 Rank 0 started step 24 at time = 7.800253617e-11 with dt = 3.243100977e-12
00:03:34 Rank 1 started step 25 at time = 8.124563714e-11 with dt = 3.242388732e-12
00:03:35 Rank 2 started step 26 at time = 8.448802588e-11 with dt = 3.241673513e-12
00:03:37 Rank 3 started step 27 at time = 8.772969939e-11 with dt = 3.240957769e-12
00:04:02 Rank 0 started step 28 at time = 9.097065716e-11 with dt = 3.240250426e-12
00:04:05 Rank 1 started step 29 at time = 9.421090758e-11 with dt = 3.239539436e-12
00:04:07 Rank 2 started step 30 at time = 9.745044702e-11 with dt = 3.23881798e-12
00:04:08 Rank 3 started step 31 at time = 1.00689265e-10 with dt = 3.238084856e-12
00:04:34 Rank 0 started step 32 at time = 1.039273499e-10 with dt = 3.237339866e-12
00:04:37 Rank 1 started step 33 at time = 1.071646897e-10 with dt = 3.23658296e-12
00:05:21 Rank 2 started step 34 at time = 1.104012727e-10 with dt = 3.235814679e-12
00:05:21 Rank 3 started step 35 at time = 1.136370874e-10 with dt = 3.235035439e-12
00:05:21 Rank 0 started step 36 at time = 1.168721228e-10 with dt = 3.234245556e-12
00:05:21 Rank 1 started step 37 at time = 1.201063684e-10 with dt = 3.233445376e-12
00:05:52 Rank 2 started step 38 at time = 1.233398137e-10 with dt = 3.232635514e-12
00:05:52 Rank 3 started step 39 at time = 1.265724492e-10 with dt = 3.231817318e-12
00:05:52 Rank 0 started step 40 at time = 1.298042666e-10 with dt = 3.23099259e-12
00:05:53 Rank 1 started step 41 at time = 1.330352592e-10 with dt = 3.230162593e-12
00:06:23 Rank 2 started step 42 at time = 1.362654217e-10 with dt = 3.229328985e-12
00:06:23 Rank 3 started step 43 at time = 1.394947507e-10 with dt = 3.228501355e-12
00:06:24 Rank 0 started step 44 at time = 1.427232521e-10 with dt = 3.227673762e-12
00:06:24 Rank 1 started step 45 at time = 1.459509258e-10 with dt = 3.226836073e-12
00:06:54 Rank 2 started step 46 at time = 1.491777619e-10 with dt = 3.225986832e-12
00:06:54 Rank 3 started step 47 at time = 1.524037488e-10 with dt = 3.225126473e-12
00:06:55 Rank 0 started step 48 at time = 1.556288752e-10 with dt = 3.224255513e-12
00:06:55 Rank 1 started step 49 at time = 1.588531307e-10 with dt = 3.223374757e-12
00:07:25 Rank 2 started step 50 at time = 1.620765055e-10 with dt = 3.222484857e-12
00:07:25 Rank 3 started step 51 at time = 1.652989904e-10 with dt = 3.221586367e-12
00:07:26 Rank 0 started step 52 at time = 1.685205767e-10 with dt = 3.220679648e-12
00:07:26 Rank 1 started step 53 at time = 1.717412564e-10 with dt = 3.219765034e-12
00:07:56 Rank 2 started step 54 at time = 1.749610214e-10 with dt = 3.218843476e-12
00:07:57 Rank 3 started step 55 at time = 1.781798649e-10 with dt = 3.2179164e-12
00:07:57 Rank 0 started step 56 at time = 1.813977813e-10 with dt = 3.216984809e-12
00:07:57 Rank 1 started step 57 at time = 1.846147661e-10 with dt = 3.216049781e-12
00:08:27 Rank 2 started step 58 at time = 1.878308159e-10 with dt = 3.215118602e-12
00:08:27 Rank 3 started step 59 at time = 1.910459345e-10 with dt = 3.214193117e-12
00:08:28 Rank 0 started step 60 at time = 1.942601276e-10 with dt = 3.213260357e-12
00:08:28 Rank 1 started step 61 at time = 1.974733879e-10 with dt = 3.212317065e-12
00:08:58 Rank 2 started step 62 at time = 2.00685705e-10 with dt = 3.211363557e-12
00:08:58 Rank 3 started step 63 at time = 2.038970686e-10 with dt = 3.210400341e-12
00:09:39 Rank 0 started step 64 at time = 2.071074689e-10 with dt = 3.209428328e-12
00:09:39 Rank 1 started step 65 at time = 2.103168972e-10 with dt = 3.208448425e-12
00:09:39 Rank 2 started step 66 at time = 2.135253457e-10 with dt = 3.207461169e-12
00:09:39 Rank 3 started step 67 at time = 2.167328068e-10 with dt = 3.206466967e-12
00:10:11 Rank 0 started step 68 at time = 2.199392738e-10 with dt = 3.205466179e-12
00:10:11 Rank 1 started step 69 at time = 2.2314474e-10 with dt = 3.204459518e-12
00:10:11 Rank 2 started step 70 at time = 2.263491995e-10 with dt = 3.203448036e-12
00:10:11 Rank 3 started step 71 at time = 2.295526475e-10 with dt = 3.202432948e-12
00:10:42 Rank 0 started step 72 at time = 2.327550805e-10 with dt = 3.201415138e-12
00:10:42 Rank 1 started step 73 at time = 2.359564956e-10 with dt = 3.200399106e-12
00:10:42 Rank 2 started step 74 at time = 2.391568947e-10 with dt = 3.199392359e-12
00:10:42 Rank 3 started step 75 at time = 2.423562871e-10 with dt = 3.19838344e-12
00:11:13 Rank 0 started step 76 at time = 2.455546705e-10 with dt = 3.197366321e-12
00:11:13 Rank 1 started step 77 at time = 2.487520368e-10 with dt = 3.196340777e-12
00:11:13 Rank 2 started step 78 at time = 2.519483776e-10 with dt = 3.195307382e-12
00:11:13 Rank 3 started step 79 at time = 2.55143685e-10 with dt = 3.194267086e-12
00:11:43 Rank 0 started step 80 at time = 2.583379521e-10 with dt = 3.193220891e-12
00:11:44 Rank 1 started step 81 at time = 2.61531173e-10 with dt = 3.192169477e-12
00:11:44 Rank 2 started step 82 at time = 2.647233425e-10 with dt = 3.19111318e-12
00:11:44 Rank 3 started step 83 at time = 2.679144556e-10 with dt = 3.190052264e-12
00:12:14 Rank 0 started step 84 at time = 2.711045079e-10 with dt = 3.188986995e-12
00:12:15 Rank 1 started step 85 at time = 2.742934949e-10 with dt = 3.187987291e-12
00:12:15 Rank 2 started step 86 at time = 2.774814822e-10 with dt = 3.187416646e-12
00:12:15 Rank 3 started step 87 at time = 2.806688988e-10 with dt = 3.186855527e-12
00:12:45 Rank 0 started step 88 at time = 2.838557544e-10 with dt = 3.186304627e-12
00:12:46 Rank 1 started step 89 at time = 2.87042059e-10 with dt = 3.185748067e-12
00:12:46 Rank 2 started step 90 at time = 2.902278071e-10 with dt = 3.185186622e-12
00:12:46 Rank 3 started step 91 at time = 2.934129937e-10 with dt = 3.184621923e-12
00:13:16 Rank 0 started step 92 at time = 2.965976156e-10 with dt = 3.184054627e-12
00:13:17 Rank 1 started step 93 at time = 2.997816702e-10 with dt = 3.183485445e-12
00:13:58 Rank 2 started step 94 at time = 3.029651557e-10 with dt = 3.182914142e-12
00:13:58 Rank 3 started step 95 at time = 3.061480698e-10 with dt = 3.182340653e-12
00:13:58 Rank 0 started step 96 at time = 3.093304105e-10 with dt = 3.181765985e-12
00:13:58 Rank 1 started step 97 at time = 3.125121765e-10 with dt = 3.181190893e-12
00:14:29 Rank 2 started step 98 at time = 3.156933673e-10 with dt = 3.180615901e-12
00:14:29 Rank 3 started step 99 at time = 3.188739832e-10 with dt = 3.180041549e-12
00:14:30 Rank 0 started step 100 at time = 3.220540248e-10 with dt = 3.179468458e-12
00:14:30 Rank 1 started step 101 at time = 3.252334933e-10 with dt = 3.178897146e-12
00:15:00 Rank 2 started step 102 at time = 3.284123904e-10 with dt = 3.178333924e-12
00:15:01 Rank 3 started step 103 at time = 3.315907243e-10 with dt = 3.177778264e-12
00:15:01 Rank 0 started step 104 at time = 3.347685026e-10 with dt = 3.177218689e-12
00:15:01 Rank 1 started step 105 at time = 3.379457213e-10 with dt = 3.176654252e-12
00:15:31 Rank 2 started step 106 at time = 3.411223755e-10 with dt = 3.176086596e-12
00:15:31 Rank 3 started step 107 at time = 3.442984621e-10 with dt = 3.175516217e-12
00:15:32 Rank 0 started step 108 at time = 3.474739783e-10 with dt = 3.174943453e-12
00:15:32 Rank 1 started step 109 at time = 3.506489218e-10 with dt = 3.174368622e-12
00:16:02 Rank 2 started step 110 at time = 3.538232904e-10 with dt = 3.17379188e-12
00:16:02 Rank 3 started step 111 at time = 3.569970823e-10 with dt = 3.173214048e-12
00:16:03 Rank 0 started step 112 at time = 3.601702963e-10 with dt = 3.17263649e-12
00:16:03 Rank 1 started step 113 at time = 3.633429328e-10 with dt = 3.17205981e-12
00:16:33 Rank 2 started step 114 at time = 3.665149926e-10 with dt = 3.171484565e-12
00:16:33 Rank 3 started step 115 at time = 3.696864772e-10 with dt = 3.170911354e-12
00:16:34 Rank 0 started step 116 at time = 3.728573886e-10 with dt = 3.170340427e-12
00:16:34 Rank 1 started step 117 at time = 3.76027729e-10 with dt = 3.169776788e-12
00:17:04 Rank 2 started step 118 at time = 3.791975058e-10 with dt = 3.169220313e-12
00:17:05 Rank 3 started step 119 at time = 3.823667261e-10 with dt = 3.168661609e-12
00:17:05 Rank 0 started step 120 at time = 3.855353877e-10 with dt = 3.168098751e-12
00:17:05 Rank 1 started step 121 at time = 3.887034865e-10 with dt = 3.167532806e-12
00:17:35 Rank 2 started step 122 at time = 3.918710193e-10 with dt = 3.166964059e-12
00:17:36 Rank 3 started step 123 at time = 3.950379833e-10 with dt = 3.16639297e-12
00:18:17 Rank 2 started step 126 at time = 4.045354397e-10 with dt = 3.164666537e-12
00:18:17 Rank 0 started step 124 at time = 3.982043763e-10 with dt = 3.165819479e-12
00:18:17 Rank 1 started step 125 at time = 4.013701958e-10 with dt = 3.165243891e-12
00:18:17 Rank 3 started step 127 at time = 4.077001062e-10 with dt = 3.164089017e-12
00:18:48 Rank 0 started step 128 at time = 4.108641952e-10 with dt = 3.163512137e-12
00:18:48 Rank 1 started step 129 at time = 4.140277073e-10 with dt = 3.162936453e-12
00:18:48 Rank 2 started step 130 at time = 4.171906438e-10 with dt = 3.162361972e-12
00:18:48 Rank 3 started step 131 at time = 4.203530058e-10 with dt = 3.161789726e-12
00:19:19 Rank 0 started step 132 at time = 4.235147955e-10 with dt = 3.161224652e-12
00:19:19 Rank 1 started step 133 at time = 4.266760201e-10 with dt = 3.160664128e-12
00:19:19 Rank 2 started step 134 at time = 4.298366843e-10 with dt = 3.160101914e-12
00:19:20 Rank 3 started step 135 at time = 4.329967862e-10 with dt = 3.159535647e-12
00:19:50 Rank 0 started step 136 at time = 4.361563218e-10 with dt = 3.158965939e-12
00:19:50 Rank 1 started step 137 at time = 4.393152878e-10 with dt = 3.158392982e-12
00:19:51 Rank 2 started step 138 at time = 4.424736808e-10 with dt = 3.157816933e-12
00:19:51 Rank 3 started step 139 at time = 4.456314977e-10 with dt = 3.157238407e-12
00:20:21 Rank 0 started step 140 at time = 4.487887361e-10 with dt = 3.156657638e-12
00:20:22 Rank 1 started step 141 at time = 4.519453937e-10 with dt = 3.156075045e-12
00:20:22 Rank 2 started step 142 at time = 4.551014688e-10 with dt = 3.155492817e-12
00:20:22 Rank 3 started step 143 at time = 4.582569616e-10 with dt = 3.154912062e-12
00:20:52 Rank 0 started step 144 at time = 4.614118737e-10 with dt = 3.154333424e-12
00:20:53 Rank 1 started step 145 at time = 4.645662071e-10 with dt = 3.153756862e-12
00:20:53 Rank 2 started step 146 at time = 4.677199639e-10 with dt = 3.153183235e-12
00:20:53 Rank 3 started step 147 at time = 4.708731472e-10 with dt = 3.15261644e-12
00:21:23 Rank 0 started step 148 at time = 4.740257636e-10 with dt = 3.15205352e-12
00:21:24 Rank 1 started step 149 at time = 4.771778171e-10 with dt = 3.151490101e-12
00:21:24 Rank 2 started step 150 at time = 4.803293072e-10 with dt = 3.150923774e-12
00:21:24 Rank 3 started step 151 at time = 4.83480231e-10 with dt = 3.150354394e-12
00:21:55 Rank 0 started step 152 at time = 4.866305854e-10 with dt = 3.149781789e-12
00:21:55 Rank 1 started step 153 at time = 4.897803672e-10 with dt = 3.149206122e-12
00:22:37 Rank 2 started step 154 at time = 4.929295733e-10 with dt = 3.148627397e-12
00:22:37 Rank 3 started step 155 at time = 4.960782007e-10 with dt = 3.148046271e-12
00:22:37 Rank 0 started step 156 at time = 4.99226247e-10 with dt = 3.147463156e-12
00:22:37 Rank 1 started step 157 at time = 5.023737101e-10 with dt = 3.146880196e-12
00:23:08 Rank 2 started step 158 at time = 5.055205903e-10 with dt = 3.146298664e-12
00:23:08 Rank 3 started step 159 at time = 5.08666889e-10 with dt = 3.145719183e-12
00:23:09 Rank 0 started step 160 at time = 5.118126082e-10 with dt = 3.145141656e-12
00:23:09 Rank 1 started step 161 at time = 5.149577498e-10 with dt = 3.144567543e-12
00:23:40 Rank 2 started step 162 at time = 5.181023174e-10 with dt = 3.14399914e-12
00:23:40 Rank 3 started step 163 at time = 5.212463165e-10 with dt = 3.143435321e-12
00:23:40 Rank 0 started step 164 at time = 5.243897518e-10 with dt = 3.142870667e-12
00:23:40 Rank 1 started step 165 at time = 5.275326225e-10 with dt = 3.142302964e-12
00:24:11 Rank 2 started step 166 at time = 5.306749255e-10 with dt = 3.141731845e-12
00:24:11 Rank 3 started step 167 at time = 5.338166573e-10 with dt = 3.141156929e-12
00:24:11 Rank 0 started step 168 at time = 5.369578143e-10 with dt = 3.140577995e-12
00:24:11 Rank 1 started step 169 at time = 5.400983922e-10 with dt = 3.139995536e-12
00:24:42 Rank 2 started step 170 at time = 5.432383878e-10 with dt = 3.13941036e-12
00:24:42 Rank 3 started step 171 at time = 5.463777981e-10 with dt = 3.138823272e-12
00:24:42 Rank 0 started step 172 at time = 5.495166214e-10 with dt = 3.138236491e-12
00:24:43 Rank 1 started step 173 at time = 5.526548579e-10 with dt = 3.137651915e-12
00:25:13 Rank 2 started step 174 at time = 5.557925098e-10 with dt = 3.137070063e-12
00:25:14 Rank 3 started step 175 at time = 5.589295799e-10 with dt = 3.136491001e-12
00:25:14 Rank 0 started step 176 at time = 5.620660709e-10 with dt = 3.135915831e-12
00:25:14 Rank 1 started step 177 at time = 5.652019867e-10 with dt = 3.135346348e-12
00:25:45 Rank 2 started step 178 at time = 5.683373331e-10 with dt = 3.1347798e-12
00:25:45 Rank 3 started step 179 at time = 5.714721129e-10 with dt = 3.134213342e-12
00:25:45 Rank 0 started step 180 at time = 5.746063262e-10 with dt = 3.133644751e-12
00:25:45 Rank 1 started step 181 at time = 5.77739971e-10 with dt = 3.133073508e-12
00:26:16 Rank 2 started step 182 at time = 5.808730445e-10 with dt = 3.13249858e-12
00:26:16 Rank 3 started step 183 at time = 5.84005543e-10 with dt = 3.131919605e-12
00:26:58 Rank 0 started step 184 at time = 5.871374627e-10 with dt = 3.131336753e-12
00:26:58 Rank 1 started step 185 at time = 5.902687994e-10 with dt = 3.130750766e-12
00:26:58 Rank 2 started step 186 at time = 5.933995502e-10 with dt = 3.130162213e-12
00:26:58 Rank 3 started step 187 at time = 5.965297124e-10 with dt = 3.129573571e-12
00:27:30 Rank 0 started step 188 at time = 5.99659286e-10 with dt = 3.128987162e-12
00:27:30 Rank 1 started step 189 at time = 6.027882731e-10 with dt = 3.128403673e-12
00:27:30 Rank 2 started step 190 at time = 6.059166768e-10 with dt = 3.127822179e-12
00:27:30 Rank 3 started step 191 at time = 6.09044499e-10 with dt = 3.127244654e-12
00:28:01 Rank 0 started step 192 at time = 6.121717436e-10 with dt = 3.126670705e-12
00:28:01 Rank 1 started step 193 at time = 6.152984143e-10 with dt = 3.126098651e-12
00:28:01 Rank 2 started step 194 at time = 6.18424513e-10 with dt = 3.125526436e-12
00:28:02 Rank 3 started step 195 at time = 6.215500394e-10 with dt = 3.124952916e-12
00:28:32 Rank 0 started step 196 at time = 6.246749923e-10 with dt = 3.124377006e-12
00:28:33 Rank 1 started step 197 at time = 6.277993693e-10 with dt = 3.123797601e-12
00:28:33 Rank 2 started step 198 at time = 6.309231669e-10 with dt = 3.123213828e-12
00:28:33 Rank 3 started step 199 at time = 6.340463808e-10 with dt = 3.12262576e-12
00:29:04 Rank 0 started step 200 at time = 6.371690065e-10 with dt = 3.122034569e-12
00:29:04 Rank 1 started step 201 at time = 6.402910411e-10 with dt = 3.121441143e-12
00:29:04 Rank 2 started step 202 at time = 6.434124822e-10 with dt = 3.120847622e-12
00:29:05 Rank 3 started step 203 at time = 6.465333299e-10 with dt = 3.1202568e-12
00:29:35 Rank 0 started step 204 at time = 6.496535867e-10 with dt = 3.119670018e-12
00:29:36 Rank 1 started step 205 at time = 6.527732567e-10 with dt = 3.119086417e-12
00:29:36 Rank 2 started step 206 at time = 6.558923431e-10 with dt = 3.11850749e-12
00:29:36 Rank 3 started step 207 at time = 6.590108506e-10 with dt = 3.117931952e-12
00:30:07 Rank 0 started step 208 at time = 6.621287825e-10 with dt = 3.117358168e-12
00:30:07 Rank 1 started step 209 at time = 6.652461407e-10 with dt = 3.116785083e-12
00:30:07 Rank 2 started step 210 at time = 6.683629258e-10 with dt = 3.116211672e-12
00:30:07 Rank 3 started step 211 at time = 6.714791375e-10 with dt = 3.115636831e-12
00:30:38 Rank 0 started step 212 at time = 6.745947743e-10 with dt = 3.115059348e-12
00:30:38 Rank 1 started step 213 at time = 6.777098336e-10 with dt = 3.11447811e-12
00:31:21 Rank 2 started step 214 at time = 6.808243117e-10 with dt = 3.113892747e-12
00:31:21 Rank 3 started step 215 at time = 6.839382045e-10 with dt = 3.113303977e-12
00:31:21 Rank 0 started step 216 at time = 6.870515085e-10 with dt = 3.11271279e-12
00:31:21 Rank 1 started step 217 at time = 6.901642213e-10 with dt = 3.112121435e-12
00:31:52 Rank 2 started step 218 at time = 6.932763427e-10 with dt = 3.111532149e-12
00:31:52 Rank 3 started step 219 at time = 6.963878748e-10 with dt = 3.110946172e-12
00:31:53 Rank 0 started step 220 at time = 6.99498821e-10 with dt = 3.110363257e-12
00:31:53 Rank 1 started step 221 at time = 7.026091843e-10 with dt = 3.109783658e-12
00:32:24 Rank 2 started step 222 at time = 7.057189679e-10 with dt = 3.10920579e-12
00:32:24 Rank 3 started step 223 at time = 7.088281737e-10 with dt = 3.108628565e-12
00:32:24 Rank 0 started step 224 at time = 7.119368023e-10 with dt = 3.108051415e-12
00:32:24 Rank 1 started step 225 at time = 7.150448537e-10 with dt = 3.10747383e-12
00:32:55 Rank 2 started step 226 at time = 7.181523275e-10 with dt = 3.106895099e-12
00:32:55 Rank 3 started step 227 at time = 7.212592226e-10 with dt = 3.106314044e-12
00:32:55 Rank 0 started step 228 at time = 7.243655367e-10 with dt = 3.105729493e-12
00:32:56 Rank 1 started step 229 at time = 7.274712662e-10 with dt = 3.105141236e-12
00:33:26 Rank 2 started step 230 at time = 7.305764074e-10 with dt = 3.104549889e-12
00:33:27 Rank 3 started step 231 at time = 7.336809573e-10 with dt = 3.103956816e-12
00:33:27 Rank 0 started step 232 at time = 7.367849141e-10 with dt = 3.103364347e-12
00:33:27 Rank 1 started step 233 at time = 7.398882785e-10 with dt = 3.102774646e-12
00:33:58 Rank 2 started step 234 at time = 7.429910531e-10 with dt = 3.102188291e-12
00:33:58 Rank 3 started step 235 at time = 7.460932414e-10 with dt = 3.101605965e-12
00:33:58 Rank 0 started step 236 at time = 7.491948474e-10 with dt = 3.101027071e-12
00:33:59 Rank 1 started step 237 at time = 7.522958744e-10 with dt = 3.100449521e-12
00:34:29 Rank 2 started step 238 at time = 7.55396324e-10 with dt = 3.099872859e-12
00:34:29 Rank 3 started step 239 at time = 7.584961968e-10 with dt = 3.099296617e-12
00:34:29 Rank 0 started step 240 at time = 7.615954934e-10 with dt = 3.098720081e-12
00:34:30 Rank 1 started step 241 at time = 7.646942135e-10 with dt = 3.098143016e-12
00:35:00 Rank 2 started step 242 at time = 7.677923565e-10 with dt = 3.097564454e-12
00:35:01 Rank 3 started step 243 at time = 7.70889921e-10 with dt = 3.096983024e-12
00:35:43 Rank 0 started step 244 at time = 7.73986904e-10 with dt = 3.096398445e-12
00:35:43 Rank 1 started step 245 at time = 7.770833024e-10 with dt = 3.095811151e-12
00:35:43 Rank 2 started step 246 at time = 7.801791136e-10 with dt = 3.095222375e-12
00:35:43 Rank 3 started step 247 at time = 7.83274336e-10 with dt = 3.094633806e-12
00:36:14 Rank 0 started step 248 at time = 7.863689698e-10 with dt = 3.094047217e-12
00:36:14 Rank 1 started step 249 at time = 7.89463017e-10 with dt = 3.093462961e-12
00:36:15 Rank 2 started step 250 at time = 7.9255648e-10 with dt = 3.092881547e-12
00:36:15 Rank 3 started step 251 at time = 7.956493615e-10 with dt = 3.092301478e-12
00:36:46 Rank 0 started step 252 at time = 7.98741663e-10 with dt = 3.091721333e-12
00:36:46 Rank 1 started step 253 at time = 8.018333843e-10 with dt = 3.091140895e-12
00:36:46 Rank 2 started step 254 at time = 8.049245252e-10 with dt = 3.090561456e-12
00:36:46 Rank 3 started step 255 at time = 8.080150867e-10 with dt = 3.0899524e-12
00:37:17 Rank 0 started step 256 at time = 8.111050391e-10 with dt = 3.089311634e-12
00:37:17 Rank 1 started step 257 at time = 8.141943507e-10 with dt = 3.08866866e-12
00:37:17 Rank 2 started step 258 at time = 8.172830194e-10 with dt = 3.088025673e-12
00:37:17 Rank 3 started step 259 at time = 8.20371045e-10 with dt = 3.087384015e-12
00:37:48 Rank 0 started step 260 at time = 8.23458429e-10 with dt = 3.086743212e-12
00:37:49 Rank 1 started step 261 at time = 8.265451723e-10 with dt = 3.086103774e-12
00:37:49 Rank 2 started step 262 at time = 8.29631276e-10 with dt = 3.085466998e-12
00:37:49 Rank 3 started step 263 at time = 8.32716743e-10 with dt = 3.084833516e-12
00:38:19 Rank 0 started step 264 at time = 8.358015765e-10 with dt = 3.084204424e-12
00:38:20 Rank 1 started step 265 at time = 8.38885781e-10 with dt = 3.083579645e-12
00:38:20 Rank 2 started step 266 at time = 8.419693606e-10 with dt = 3.082957242e-12
00:38:20 Rank 3 started step 267 at time = 8.450523179e-10 with dt = 3.08233471e-12
00:38:51 Rank 0 started step 268 at time = 8.481346526e-10 with dt = 3.081710375e-12
00:38:51 Rank 1 started step 269 at time = 8.512163629e-10 with dt = 3.081082831e-12
00:38:51 Rank 2 started step 270 at time = 8.542974458e-10 with dt = 3.080451693e-12
00:38:52 Rank 3 started step 271 at time = 8.573778975e-10 with dt = 3.07981647e-12
00:39:22 Rank 0 started step 272 at time = 8.604577139e-10 with dt = 3.079178275e-12
00:39:23 Rank 1 started step 273 at time = 8.635368922e-10 with dt = 3.078538002e-12
00:40:06 Rank 2 started step 274 at time = 8.666154302e-10 with dt = 3.077896541e-12
00:40:06 Rank 3 started step 275 at time = 8.696933268e-10 with dt = 3.077254483e-12
00:40:06 Rank 0 started step 276 at time = 8.727705812e-10 with dt = 3.076612872e-12
00:40:06 Rank 1 started step 277 at time = 8.758471941e-10 with dt = 3.075973976e-12
00:40:38 Rank 2 started step 278 at time = 8.789231681e-10 with dt = 3.075338591e-12
00:40:38 Rank 3 started step 279 at time = 8.819985067e-10 with dt = 3.074706695e-12
00:40:38 Rank 0 started step 280 at time = 8.850732134e-10 with dt = 3.074077367e-12
00:40:39 Rank 1 started step 281 at time = 8.881472907e-10 with dt = 3.073448025e-12
00:41:09 Rank 2 started step 282 at time = 8.912207388e-10 with dt = 3.072816948e-12
00:41:10 Rank 3 started step 283 at time = 8.942935557e-10 with dt = 3.072183442e-12
00:41:10 Rank 0 started step 284 at time = 8.973657392e-10 with dt = 3.071547991e-12
00:41:10 Rank 1 started step 285 at time = 9.004372871e-10 with dt = 3.070910705e-12
00:41:41 Rank 2 started step 286 at time = 9.035081979e-10 with dt = 3.070269944e-12
00:41:41 Rank 3 started step 287 at time = 9.065784678e-10 with dt = 3.069626266e-12
00:41:41 Rank 0 started step 288 at time = 9.096480941e-10 with dt = 3.068980761e-12
00:41:41 Rank 1 started step 289 at time = 9.127170748e-10 with dt = 3.068333884e-12
00:42:12 Rank 2 started step 290 at time = 9.157854087e-10 with dt = 3.067687046e-12
00:42:12 Rank 3 started step 291 at time = 9.188530958e-10 with dt = 3.067042376e-12
00:42:13 Rank 0 started step 292 at time = 9.219201381e-10 with dt = 3.066401429e-12
00:42:13 Rank 1 started step 293 at time = 9.249865396e-10 with dt = 3.065765733e-12
00:42:44 Rank 2 started step 294 at time = 9.280523053e-10 with dt = 3.06513435e-12
00:42:44 Rank 3 started step 295 at time = 9.311174396e-10 with dt = 3.064506273e-12
00:42:44 Rank 0 started step 296 at time = 9.341819459e-10 with dt = 3.063879563e-12
00:42:44 Rank 1 started step 297 at time = 9.372458255e-10 with dt = 3.063252754e-12
00:43:15 Rank 2 started step 298 at time = 9.403090782e-10 with dt = 3.062625185e-12
00:43:15 Rank 3 started step 299 at time = 9.433717034e-10 with dt = 3.061996837e-12
00:43:15 Rank 0 started step 300 at time = 9.464337003e-10 with dt = 3.06136737e-12
00:43:16 Rank 1 started step 301 at time = 9.494950676e-10 with dt = 3.060735638e-12
00:43:46 Rank 2 started step 302 at time = 9.525558033e-10 with dt = 3.060101411e-12
00:43:46 Rank 3 started step 303 at time = 9.556159047e-10 with dt = 3.059464327e-12
00:44:28 Rank 0 started step 304 at time = 9.58675369e-10 with dt = 3.058824341e-12
00:44:28 Rank 1 started step 305 at time = 9.617341933e-10 with dt = 3.058182988e-12
00:44:28 Rank 2 started step 306 at time = 9.647923763e-10 with dt = 3.057542239e-12
00:44:28 Rank 3 started step 307 at time = 9.678499186e-10 with dt = 3.056902809e-12
00:45:00 Rank 0 started step 308 at time = 9.709068214e-10 with dt = 3.056266041e-12
00:45:00 Rank 1 started step 309 at time = 9.739630874e-10 with dt = 3.055631638e-12
00:45:00 Rank 2 started step 310 at time = 9.770187191e-10 with dt = 3.054998502e-12
00:45:00 Rank 3 started step 311 at time = 9.800737176e-10 with dt = 3.054365157e-12
00:45:31 Rank 0 started step 312 at time = 9.831280827e-10 with dt = 3.053730702e-12
00:45:31 Rank 1 started step 313 at time = 9.861818134e-10 with dt = 3.053096e-12
00:45:32 Rank 2 started step 314 at time = 9.892349094e-10 with dt = 3.052462194e-12
00:45:32 Rank 3 started step 315 at time = 9.922873716e-10 with dt = 3.051829323e-12
00:46:02 Rank 0 started step 316 at time = 9.953392009e-10 with dt = 3.051195698e-12
00:46:03 Rank 1 started step 317 at time = 9.983903966e-10 with dt = 3.050561097e-12
00:46:03 Rank 2 started step 318 at time = 1.001440958e-09 with dt = 3.04992518e-12
00:46:03 Rank 3 started step 319 at time = 1.004490883e-09 with dt = 3.049287877e-12
00:46:34 Rank 0 started step 320 at time = 1.007540171e-09 with dt = 3.048648922e-12
00:46:34 Rank 1 started step 321 at time = 1.01058882e-09 with dt = 3.048009226e-12
00:46:34 Rank 2 started step 322 at time = 1.013636829e-09 with dt = 3.047370262e-12
00:46:34 Rank 3 started step 323 at time = 1.016684199e-09 with dt = 3.046732274e-12
00:47:05 Rank 0 started step 324 at time = 1.019730931e-09 with dt = 3.0460957e-12
00:47:05 Rank 1 started step 325 at time = 1.022777027e-09 with dt = 3.045460404e-12
00:47:05 Rank 2 started step 326 at time = 1.025822488e-09 with dt = 3.044825725e-12
00:47:06 Rank 3 started step 327 at time = 1.028867313e-09 with dt = 3.044190942e-12
00:47:36 Rank 0 started step 328 at time = 1.031911504e-09 with dt = 3.043556809e-12
00:47:37 Rank 1 started step 329 at time = 1.034955061e-09 with dt = 3.042924398e-12
00:47:37 Rank 2 started step 330 at time = 1.037997985e-09 with dt = 3.042293338e-12
00:47:37 Rank 3 started step 331 at time = 1.041040279e-09 with dt = 3.041662264e-12
00:48:07 Rank 0 started step 332 at time = 1.044081941e-09 with dt = 3.041030948e-12
00:48:08 Rank 1 started step 333 at time = 1.047122972e-09 with dt = 3.040399608e-12
00:48:49 Rank 2 started step 334 at time = 1.050163372e-09 with dt = 3.039767461e-12
00:48:49 Rank 3 started step 335 at time = 1.053203139e-09 with dt = 3.03913289e-12
00:48:49 Rank 0 started step 336 at time = 1.056242272e-09 with dt = 3.038495665e-12
00:48:49 Rank 1 started step 337 at time = 1.059280768e-09 with dt = 3.037855873e-12
00:49:21 Rank 2 started step 338 at time = 1.062318623e-09 with dt = 3.037214331e-12
00:49:21 Rank 3 started step 339 at time = 1.065355838e-09 with dt = 3.036571721e-12
00:49:21 Rank 0 started step 340 at time = 1.06839241e-09 with dt = 3.035929405e-12
00:49:22 Rank 1 started step 341 at time = 1.071428339e-09 with dt = 3.035287927e-12
00:49:52 Rank 2 started step 342 at time = 1.074463627e-09 with dt = 3.034647016e-12
00:49:52 Rank 3 started step 343 at time = 1.077498274e-09 with dt = 3.034007647e-12
00:49:53 Rank 0 started step 344 at time = 1.080532282e-09 with dt = 3.033370188e-12
00:49:53 Rank 1 started step 345 at time = 1.083565652e-09 with dt = 3.032734186e-12
00:50:24 Rank 2 started step 346 at time = 1.086598386e-09 with dt = 3.032099933e-12
00:50:24 Rank 3 started step 347 at time = 1.089630486e-09 with dt = 3.031467076e-12
00:50:24 Rank 0 started step 348 at time = 1.092661953e-09 with dt = 3.030835558e-12
00:50:24 Rank 1 started step 349 at time = 1.095692788e-09 with dt = 3.030203868e-12
00:50:55 Rank 2 started step 350 at time = 1.098722992e-09 with dt = 3.029570648e-12
00:50:55 Rank 3 started step 351 at time = 1.101752563e-09 with dt = 3.028933263e-12
00:50:55 Rank 0 started step 352 at time = 1.104781496e-09 with dt = 3.028291384e-12
00:50:56 Rank 1 started step 353 at time = 1.107809788e-09 with dt = 3.027646403e-12
00:51:26 Rank 2 started step 354 at time = 1.110837434e-09 with dt = 3.027000153e-12
00:51:26 Rank 3 started step 355 at time = 1.113864434e-09 with dt = 3.026354521e-12
00:51:27 Rank 0 started step 356 at time = 1.116890789e-09 with dt = 3.025710944e-12
00:51:27 Rank 1 started step 357 at time = 1.1199165e-09 with dt = 3.025069738e-12
00:51:58 Rank 2 started step 358 at time = 1.122941569e-09 with dt = 3.02443182e-12
00:51:58 Rank 3 started step 359 at time = 1.125966001e-09 with dt = 3.023797078e-12
00:51:58 Rank 0 started step 360 at time = 1.128989798e-09 with dt = 3.023165503e-12
00:51:58 Rank 1 started step 361 at time = 1.132012964e-09 with dt = 3.022536841e-12
00:52:29 Rank 2 started step 362 at time = 1.135035501e-09 with dt = 3.021911334e-12
00:52:29 Rank 3 started step 363 at time = 1.138057412e-09 with dt = 3.021287657e-12
00:53:11 Rank 0 started step 364 at time = 1.1410787e-09 with dt = 3.0206634e-12
00:53:11 Rank 1 started step 365 at time = 1.144099363e-09 with dt = 3.020036071e-12
00:53:11 Rank 2 started step 366 at time = 1.147119399e-09 with dt = 3.019403695e-12
00:53:11 Rank 3 started step 367 at time = 1.150138803e-09 with dt = 3.018765427e-12
00:53:42 Rank 0 started step 368 at time = 1.153157568e-09 with dt = 3.01812215e-12
00:53:42 Rank 1 started step 369 at time = 1.15617569e-09 with dt = 3.017476169e-12
00:53:42 Rank 2 started step 370 at time = 1.159193167e-09 with dt = 3.016829574e-12
00:53:42 Rank 3 started step 371 at time = 1.162209996e-09 with dt = 3.016184628e-12
00:54:13 Rank 0 started step 372 at time = 1.165226181e-09 with dt = 3.015542275e-12
00:54:13 Rank 1 started step 373 at time = 1.168241723e-09 with dt = 3.014903e-12
00:54:14 Rank 2 started step 374 at time = 1.171256626e-09 with dt = 3.014267028e-12
00:54:14 Rank 3 started step 375 at time = 1.174270893e-09 with dt = 3.013634844e-12
00:54:44 Rank 0 started step 376 at time = 1.177284528e-09 with dt = 3.013006584e-12
00:54:45 Rank 1 started step 377 at time = 1.180297534e-09 with dt = 3.012382304e-12
00:54:45 Rank 2 started step 378 at time = 1.183309917e-09 with dt = 3.011760133e-12
00:54:45 Rank 3 started step 379 at time = 1.186321677e-09 with dt = 3.011136878e-12
00:55:16 Rank 0 started step 380 at time = 1.189332814e-09 with dt = 3.010509737e-12
00:55:16 Rank 1 started step 381 at time = 1.192343324e-09 with dt = 3.009877249e-12
00:55:16 Rank 2 started step 382 at time = 1.195353201e-09 with dt = 3.009238937e-12
00:55:16 Rank 3 started step 383 at time = 1.19836244e-09 with dt = 3.008594476e-12
00:55:47 Rank 0 started step 384 at time = 1.201371034e-09 with dt = 3.007946192e-12
00:55:47 Rank 1 started step 385 at time = 1.20437898e-09 with dt = 3.007296635e-12
00:55:47 Rank 2 started step 386 at time = 1.207386277e-09 with dt = 3.006648211e-12
00:55:48 Rank 3 started step 387 at time = 1.210392925e-09 with dt = 3.006002958e-12
00:56:18 Rank 0 started step 388 at time = 1.213398928e-09 with dt = 3.005361585e-12
00:56:19 Rank 1 started step 389 at time = 1.21640429e-09 with dt = 3.004724533e-12
00:56:19 Rank 2 started step 390 at time = 1.219409014e-09 with dt = 3.004092037e-12
00:56:19 Rank 3 started step 391 at time = 1.222413106e-09 with dt = 3.003464623e-12
00:56:49 Rank 0 started step 392 at time = 1.225416571e-09 with dt = 3.002841553e-12
00:56:50 Rank 1 started step 393 at time = 1.228419413e-09 with dt = 3.002219939e-12
00:57:33 Rank 2 started step 394 at time = 1.231421632e-09 with dt = 3.001596345e-12
00:57:33 Rank 3 started step 395 at time = 1.234423229e-09 with dt = 3.000968775e-12
00:57:33 Rank 0 started step 396 at time = 1.237424198e-09 with dt = 3.000336981e-12
00:57:33 Rank 1 started step 397 at time = 1.240424535e-09 with dt = 2.999700134e-12
00:58:04 Rank 2 started step 398 at time = 1.243424235e-09 with dt = 2.999059003e-12
00:58:04 Rank 3 started step 399 at time = 1.246423294e-09 with dt = 2.998414419e-12
00:58:05 Rank 0 started step 400 at time = 1.249421708e-09 with dt = 2.997767993e-12
00:58:05 Rank 1 started step 401 at time = 1.252419476e-09 with dt = 2.997121113e-12
00:58:36 Rank 2 started step 402 at time = 1.255416597e-09 with dt = 2.996475852e-12
00:58:36 Rank 3 started step 403 at time = 1.258413073e-09 with dt = 2.995833563e-12
00:58:36 Rank 0 started step 404 at time = 1.261408907e-09 with dt = 2.995194631e-12
00:58:36 Rank 1 started step 405 at time = 1.264404101e-09 with dt = 2.994560162e-12
00:59:07 Rank 2 started step 406 at time = 1.267398661e-09 with dt = 2.993931056e-12
00:59:07 Rank 3 started step 407 at time = 1.270392592e-09 with dt = 2.993304487e-12
00:59:07 Rank 0 started step 408 at time = 1.273385897e-09 with dt = 2.992677002e-12
00:59:08 Rank 1 started step 409 at time = 1.276378574e-09 with dt = 2.99204715e-12
00:59:38 Rank 2 started step 410 at time = 1.279370621e-09 with dt = 2.991414711e-12
00:59:38 Rank 3 started step 411 at time = 1.282362036e-09 with dt = 2.990779651e-12
00:59:39 Rank 0 started step 412 at time = 1.285352815e-09 with dt = 2.990141126e-12
00:59:39 Rank 1 started step 413 at time = 1.288342957e-09 with dt = 2.989498111e-12
01:00:09 Rank 2 started step 414 at time = 1.291332455e-09 with dt = 2.988851913e-12
01:00:10 Rank 3 started step 415 at time = 1.294321307e-09 with dt = 2.988203945e-12
01:00:10 Rank 0 started step 416 at time = 1.297309511e-09 with dt = 2.987555719e-12
01:00:10 Rank 1 started step 417 at time = 1.300297066e-09 with dt = 2.9869082e-12
01:00:41 Rank 2 started step 418 at time = 1.303283975e-09 with dt = 2.986263158e-12
01:00:41 Rank 3 started step 419 at time = 1.306270238e-09 with dt = 2.985622764e-12
01:00:41 Rank 0 started step 420 at time = 1.30925586e-09 with dt = 2.984989209e-12
01:00:41 Rank 1 started step 421 at time = 1.31224085e-09 with dt = 2.984361021e-12
01:01:12 Rank 2 started step 422 at time = 1.315225211e-09 with dt = 2.98373411e-12
01:01:12 Rank 3 started step 423 at time = 1.318208945e-09 with dt = 2.983106457e-12
01:01:54 Rank 0 started step 424 at time = 1.321192051e-09 with dt = 2.982477065e-12
01:01:54 Rank 1 started step 425 at time = 1.324174528e-09 with dt = 2.98184611e-12
01:01:54 Rank 2 started step 426 at time = 1.327156374e-09 with dt = 2.98121538e-12
01:01:54 Rank 3 started step 427 at time = 1.33013759e-09 with dt = 2.980583105e-12
01:02:26 Rank 0 started step 428 at time = 1.333118173e-09 with dt = 2.979948652e-12
01:02:26 Rank 1 started step 429 at time = 1.336098122e-09 with dt = 2.979311668e-12
01:02:26 Rank 2 started step 430 at time = 1.339077433e-09 with dt = 2.978673081e-12
01:02:26 Rank 3 started step 431 at time = 1.342056106e-09 with dt = 2.978032893e-12
01:02:57 Rank 0 started step 432 at time = 1.345034139e-09 with dt = 2.977391043e-12
01:02:57 Rank 1 started step 433 at time = 1.34801153e-09 with dt = 2.97674825e-12
01:02:57 Rank 2 started step 434 at time = 1.350988278e-09 with dt = 2.976110659e-12
01:02:57 Rank 3 started step 435 at time = 1.353964389e-09 with dt = 2.975478408e-12
01:03:28 Rank 0 started step 436 at time = 1.356939868e-09 with dt = 2.974847713e-12
01:03:28 Rank 1 started step 437 at time = 1.359914715e-09 with dt = 2.974215539e-12
01:03:28 Rank 2 started step 438 at time = 1.362888931e-09 with dt = 2.973580361e-12
01:03:28 Rank 3 started step 439 at time = 1.365862511e-09 with dt = 2.972942862e-12
01:03:59 Rank 0 started step 440 at time = 1.368835454e-09 with dt = 2.972304444e-12
01:03:59 Rank 1 started step 441 at time = 1.371807758e-09 with dt = 2.971667881e-12
01:04:00 Rank 2 started step 442 at time = 1.374779426e-09 with dt = 2.971031632e-12
01:04:00 Rank 3 started step 443 at time = 1.377750458e-09 with dt = 2.970393864e-12
01:04:30 Rank 0 started step 444 at time = 1.380720852e-09 with dt = 2.969754899e-12
01:04:31 Rank 1 started step 445 at time = 1.383690607e-09 with dt = 2.969115637e-12
01:04:31 Rank 2 started step 446 at time = 1.386659722e-09 with dt = 2.96847596e-12
01:04:31 Rank 3 started step 447 at time = 1.389628198e-09 with dt = 2.967835431e-12
01:05:01 Rank 0 started step 448 at time = 1.392596034e-09 with dt = 2.96719527e-12
01:05:02 Rank 1 started step 449 at time = 1.395563229e-09 with dt = 2.966560756e-12
01:05:02 Rank 2 started step 450 at time = 1.39852979e-09 with dt = 2.965930055e-12
01:05:02 Rank 3 started step 451 at time = 1.40149572e-09 with dt = 2.965299921e-12
01:05:33 Rank 0 started step 452 at time = 1.40446102e-09 with dt = 2.964668427e-12
01:05:33 Rank 1 started step 453 at time = 1.407425688e-09 with dt = 2.964034477e-12
01:06:15 Rank 2 started step 454 at time = 1.410389723e-09 with dt = 2.963398589e-12
01:06:15 Rank 3 started step 455 at time = 1.413353121e-09 with dt = 2.962762806e-12
01:06:15 Rank 0 started step 456 at time = 1.416315884e-09 with dt = 2.962128139e-12
01:06:15 Rank 1 started step 457 at time = 1.419278012e-09 with dt = 2.961495469e-12
01:06:47 Rank 2 started step 458 at time = 1.422239508e-09 with dt = 2.960863931e-12
01:06:47 Rank 3 started step 459 at time = 1.425200372e-09 with dt = 2.960233188e-12
01:06:47 Rank 0 started step 460 at time = 1.428160605e-09 with dt = 2.959602476e-12
01:06:47 Rank 1 started step 461 at time = 1.431120207e-09 with dt = 2.958971549e-12
01:07:18 Rank 2 started step 462 at time = 1.434079179e-09 with dt = 2.958339676e-12
01:07:18 Rank 3 started step 463 at time = 1.437037518e-09 with dt = 2.957706654e-12
01:07:18 Rank 0 started step 464 at time = 1.439995225e-09 with dt = 2.957073816e-12
01:07:18 Rank 1 started step 465 at time = 1.442952299e-09 with dt = 2.956441575e-12
01:07:49 Rank 2 started step 466 at time = 1.445908741e-09 with dt = 2.955807184e-12
01:07:49 Rank 3 started step 467 at time = 1.448864548e-09 with dt = 2.955169983e-12
01:07:49 Rank 0 started step 468 at time = 1.451819718e-09 with dt = 2.95452956e-12
01:07:50 Rank 1 started step 469 at time = 1.454774247e-09 with dt = 2.953886789e-12
01:08:20 Rank 2 started step 470 at time = 1.457728134e-09 with dt = 2.953244213e-12
01:08:20 Rank 3 started step 471 at time = 1.460681378e-09 with dt = 2.95260407e-12
01:08:20 Rank 0 started step 472 at time = 1.463633982e-09 with dt = 2.951967841e-12
01:08:21 Rank 1 started step 473 at time = 1.46658595e-09 with dt = 2.95133562e-12
01:08:51 Rank 2 started step 474 at time = 1.469537286e-09 with dt = 2.950706928e-12
01:08:51 Rank 3 started step 475 at time = 1.472487993e-09 with dt = 2.950080672e-12
01:08:52 Rank 0 started step 476 at time = 1.475438073e-09 with dt = 2.949455374e-12
01:08:52 Rank 1 started step 477 at time = 1.478387529e-09 with dt = 2.948830153e-12
01:09:22 Rank 2 started step 478 at time = 1.481336359e-09 with dt = 2.94820307e-12
01:09:22 Rank 3 started step 479 at time = 1.484284562e-09 with dt = 2.947573295e-12
01:09:23 Rank 0 started step 480 at time = 1.487232135e-09 with dt = 2.946941503e-12
01:09:23 Rank 1 started step 481 at time = 1.490179077e-09 with dt = 2.946307441e-12
01:09:53 Rank 2 started step 482 at time = 1.493125384e-09 with dt = 2.94567124e-12
01:09:53 Rank 3 started step 483 at time = 1.496071055e-09 with dt = 2.94503327e-12
01:10:35 Rank 0 started step 484 at time = 1.499016089e-09 with dt = 2.944394552e-12
01:10:35 Rank 1 started step 485 at time = 1.501960483e-09 with dt = 2.943756668e-12
01:10:35 Rank 2 started step 486 at time = 1.50490424e-09 with dt = 2.943121829e-12
01:10:35 Rank 3 started step 487 at time = 1.507847362e-09 with dt = 2.942491086e-12
01:11:06 Rank 0 started step 488 at time = 1.510789853e-09 with dt = 2.941864804e-12
01:11:07 Rank 1 started step 489 at time = 1.513731718e-09 with dt = 2.941242188e-12
01:11:07 Rank 2 started step 490 at time = 1.51667296e-09 with dt = 2.940621913e-12
01:11:07 Rank 3 started step 491 at time = 1.519613582e-09 with dt = 2.940002641e-12
01:11:37 Rank 0 started step 492 at time = 1.522553584e-09 with dt = 2.939381561e-12
01:11:38 Rank 1 started step 493 at time = 1.525492966e-09 with dt = 2.938756423e-12
01:11:38 Rank 2 started step 494 at time = 1.528431722e-09 with dt = 2.938126556e-12
01:11:38 Rank 3 started step 495 at time = 1.531369849e-09 with dt = 2.93749272e-12
01:12:08 Rank 0 started step 496 at time = 1.534307342e-09 with dt = 2.936855386e-12
01:12:09 Rank 1 started step 497 at time = 1.537244197e-09 with dt = 2.936214525e-12
01:12:09 Rank 2 started step 498 at time = 1.540180412e-09 with dt = 2.935571642e-12
01:12:09 Rank 3 started step 499 at time = 1.543115983e-09 with dt = 2.93492801e-12
01:12:39 Rank 0 started step 500 at time = 1.546050911e-09 with dt = 2.934285751e-12
01:12:40 Rank 1 started step 501 at time = 1.548985197e-09 with dt = 2.933647644e-12
01:12:40 Rank 2 started step 502 at time = 1.551918845e-09 with dt = 2.933014975e-12
01:12:40 Rank 3 started step 503 at time = 1.55485186e-09 with dt = 2.932388732e-12
01:13:10 Rank 0 started step 504 at time = 1.557784248e-09 with dt = 2.931769256e-12
01:13:11 Rank 1 started step 505 at time = 1.560716018e-09 with dt = 2.931155253e-12
01:13:11 Rank 2 started step 506 at time = 1.563647173e-09 with dt = 2.930542659e-12
01:13:11 Rank 3 started step 507 at time = 1.566577716e-09 with dt = 2.929927248e-12
01:13:41 Rank 0 started step 508 at time = 1.569507643e-09 with dt = 2.92930708e-12
01:13:42 Rank 1 started step 509 at time = 1.57243695e-09 with dt = 2.928681864e-12
01:13:42 Rank 2 started step 510 at time = 1.575365632e-09 with dt = 2.928051612e-12
01:13:42 Rank 3 started step 511 at time = 1.578293683e-09 with dt = 2.927417253e-12
01:14:12 Rank 0 started step 512 at time = 1.581221101e-09 with dt = 2.926779731e-12
01:14:13 Rank 1 started step 513 at time = 1.58414788e-09 with dt = 2.926140146e-12
01:14:55 Rank 2 started step 514 at time = 1.58707402e-09 with dt = 2.925500678e-12
01:14:55 Rank 3 started step 515 at time = 1.589999521e-09 with dt = 2.92486388e-12
01:14:55 Rank 0 started step 516 at time = 1.592924385e-09 with dt = 2.924231453e-12
01:14:55 Rank 1 started step 517 at time = 1.595848616e-09 with dt = 2.923603915e-12
01:15:26 Rank 2 started step 518 at time = 1.59877222e-09 with dt = 2.92298199e-12
01:15:26 Rank 3 started step 519 at time = 1.601695202e-09 with dt = 2.922366337e-12
01:15:26 Rank 0 started step 520 at time = 1.604617569e-09 with dt = 2.921752535e-12
01:15:26 Rank 1 started step 521 at time = 1.607539321e-09 with dt = 2.921137556e-12
01:15:57 Rank 2 started step 522 at time = 1.610460459e-09 with dt = 2.920519058e-12
01:15:57 Rank 3 started step 523 at time = 1.613380978e-09 with dt = 2.919896203e-12
01:15:57 Rank 0 started step 524 at time = 1.616300874e-09 with dt = 2.919268437e-12
01:15:57 Rank 1 started step 525 at time = 1.619220142e-09 with dt = 2.918636061e-12
01:16:28 Rank 2 started step 526 at time = 1.622138779e-09 with dt = 2.917999387e-12
01:16:28 Rank 3 started step 527 at time = 1.625056778e-09 with dt = 2.91735905e-12
01:16:28 Rank 0 started step 528 at time = 1.627974137e-09 with dt = 2.916716473e-12
01:16:28 Rank 1 started step 529 at time = 1.630890853e-09 with dt = 2.916073522e-12
01:16:59 Rank 2 started step 530 at time = 1.633806927e-09 with dt = 2.915433283e-12
01:16:59 Rank 3 started step 531 at time = 1.63672236e-09 with dt = 2.914798351e-12
01:16:59 Rank 0 started step 532 at time = 1.639637159e-09 with dt = 2.914168828e-12
01:16:59 Rank 1 started step 533 at time = 1.642551327e-09 with dt = 2.9135471e-12
01:17:30 Rank 2 started step 534 at time = 1.645464875e-09 with dt = 2.912931605e-12
01:17:30 Rank 3 started step 535 at time = 1.648377806e-09 with dt = 2.912318202e-12
01:17:30 Rank 0 started step 536 at time = 1.651290124e-09 with dt = 2.911704124e-12
01:17:30 Rank 1 started step 537 at time = 1.654201828e-09 with dt = 2.911088286e-12
01:18:01 Rank 2 started step 538 at time = 1.657112917e-09 with dt = 2.910469512e-12
01:18:01 Rank 3 started step 539 at time = 1.660023386e-09 with dt = 2.909847558e-12
01:18:01 Rank 0 started step 540 at time = 1.662933234e-09 with dt = 2.909222106e-12
01:18:01 Rank 1 started step 541 at time = 1.665842456e-09 with dt = 2.908592673e-12
01:18:31 Rank 2 started step 542 at time = 1.668751049e-09 with dt = 2.907960062e-12
01:18:32 Rank 3 started step 543 at time = 1.671659009e-09 with dt = 2.907325165e-12
01:19:13 Rank 0 started step 544 at time = 1.674566334e-09 with dt = 2.906688696e-12
01:19:13 Rank 1 started step 545 at time = 1.677473023e-09 with dt = 2.906052332e-12
01:19:13 Rank 2 started step 546 at time = 1.680379075e-09 with dt = 2.905420258e-12
01:19:13 Rank 3 started step 547 at time = 1.683284495e-09 with dt = 2.904795097e-12
01:19:44 Rank 0 started step 548 at time = 1.68618929e-09 with dt = 2.904176865e-12
01:19:44 Rank 1 started step 549 at time = 1.689093467e-09 with dt = 2.903560555e-12
01:19:44 Rank 2 started step 550 at time = 1.691997028e-09 with dt = 2.90294367e-12
01:19:44 Rank 3 started step 551 at time = 1.694899971e-09 with dt = 2.902325319e-12
01:20:15 Rank 0 started step 552 at time = 1.697802297e-09 with dt = 2.901705451e-12
01:20:15 Rank 1 started step 553 at time = 1.700704002e-09 with dt = 2.901085145e-12
01:20:15 Rank 2 started step 554 at time = 1.703605087e-09 with dt = 2.90046332e-12
01:20:15 Rank 3 started step 555 at time = 1.706505551e-09 with dt = 2.899838275e-12
01:20:46 Rank 0 started step 556 at time = 1.709405389e-09 with dt = 2.899208965e-12
01:20:46 Rank 1 started step 557 at time = 1.712304598e-09 with dt = 2.89857728e-12
01:20:46 Rank 2 started step 558 at time = 1.715203175e-09 with dt = 2.897944037e-12
01:20:46 Rank 3 started step 559 at time = 1.718101119e-09 with dt = 2.89731001e-12
01:21:16 Rank 0 started step 560 at time = 1.720998429e-09 with dt = 2.896675308e-12
01:21:17 Rank 1 started step 561 at time = 1.723895104e-09 with dt = 2.896044383e-12
01:21:17 Rank 2 started step 562 at time = 1.726791149e-09 with dt = 2.895425497e-12
01:21:17 Rank 3 started step 563 at time = 1.729686574e-09 with dt = 2.894809832e-12
01:21:47 Rank 0 started step 564 at time = 1.732581384e-09 with dt = 2.894194674e-12
01:21:48 Rank 1 started step 565 at time = 1.735475579e-09 with dt = 2.893578759e-12
01:21:48 Rank 2 started step 566 at time = 1.738369158e-09 with dt = 2.892962199e-12
01:21:48 Rank 3 started step 567 at time = 1.74126212e-09 with dt = 2.892345284e-12
01:22:18 Rank 0 started step 568 at time = 1.744154465e-09 with dt = 2.891729523e-12
01:22:18 Rank 1 started step 569 at time = 1.747046195e-09 with dt = 2.891114352e-12
01:22:19 Rank 2 started step 570 at time = 1.749937309e-09 with dt = 2.890497016e-12
01:22:19 Rank 3 started step 571 at time = 1.752827806e-09 with dt = 2.88987651e-12
01:22:49 Rank 0 started step 572 at time = 1.755717682e-09 with dt = 2.889254166e-12
01:22:49 Rank 1 started step 573 at time = 1.758606937e-09 with dt = 2.888629838e-12
01:23:32 Rank 2 started step 574 at time = 1.761495566e-09 with dt = 2.888003588e-12
01:23:32 Rank 3 started step 575 at time = 1.76438357e-09 with dt = 2.887375574e-12
01:23:32 Rank 0 started step 576 at time = 1.767270946e-09 with dt = 2.886748805e-12
01:23:32 Rank 1 started step 577 at time = 1.770157694e-09 with dt = 2.886127418e-12
01:24:03 Rank 2 started step 578 at time = 1.773043822e-09 with dt = 2.885506549e-12
01:24:03 Rank 3 started step 579 at time = 1.775929328e-09 with dt = 2.884884392e-12
01:24:04 Rank 0 started step 580 at time = 1.778814213e-09 with dt = 2.884260765e-12
01:24:04 Rank 1 started step 581 at time = 1.781698474e-09 with dt = 2.883635839e-12
01:24:34 Rank 2 started step 582 at time = 1.784582109e-09 with dt = 2.883011063e-12
01:24:34 Rank 3 started step 583 at time = 1.78746512e-09 with dt = 2.882386817e-12
01:24:34 Rank 0 started step 584 at time = 1.790347507e-09 with dt = 2.881763308e-12
01:24:35 Rank 1 started step 585 at time = 1.793229271e-09 with dt = 2.881140075e-12
01:25:05 Rank 2 started step 586 at time = 1.796110411e-09 with dt = 2.880516495e-12
01:25:05 Rank 3 started step 587 at time = 1.798990927e-09 with dt = 2.879893248e-12
01:25:05 Rank 0 started step 588 at time = 1.80187082e-09 with dt = 2.879269918e-12
01:25:05 Rank 1 started step 589 at time = 1.80475009e-09 with dt = 2.878646416e-12
01:25:36 Rank 2 started step 590 at time = 1.807628737e-09 with dt = 2.878023183e-12
01:25:36 Rank 3 started step 591 at time = 1.81050676e-09 with dt = 2.877400264e-12
01:25:36 Rank 0 started step 592 at time = 1.81338416e-09 with dt = 2.876778809e-12
01:25:36 Rank 1 started step 593 at time = 1.816260939e-09 with dt = 2.876158444e-12
01:26:06 Rank 2 started step 594 at time = 1.819137097e-09 with dt = 2.875537959e-12
01:26:07 Rank 3 started step 595 at time = 1.822012635e-09 with dt = 2.874916715e-12
01:26:07 Rank 0 started step 596 at time = 1.824887552e-09 with dt = 2.874295206e-12
01:26:07 Rank 1 started step 597 at time = 1.827761847e-09 with dt = 2.873674173e-12
01:26:37 Rank 2 started step 598 at time = 1.830635521e-09 with dt = 2.87305476e-12
01:26:37 Rank 3 started step 599 at time = 1.833508576e-09 with dt = 2.872437479e-12
01:26:38 Rank 0 started step 600 at time = 1.836381014e-09 with dt = 2.871822348e-12
01:26:38 Rank 1 started step 601 at time = 1.839252836e-09 with dt = 2.871208819e-12
01:27:08 Rank 2 started step 602 at time = 1.842124045e-09 with dt = 2.87059603e-12
01:27:08 Rank 3 started step 603 at time = 1.844994641e-09 with dt = 2.869970988e-12
01:27:49 Rank 0 started step 604 at time = 1.847864612e-09 with dt = 2.869341339e-12
01:27:49 Rank 1 started step 605 at time = 1.850733953e-09 with dt = 2.868717357e-12
01:27:49 Rank 2 started step 606 at time = 1.853602671e-09 with dt = 2.868099339e-12
01:27:49 Rank 3 started step 607 at time = 1.85647077e-09 with dt = 2.867486276e-12
01:28:20 Rank 0 started step 608 at time = 1.859338256e-09 with dt = 2.866874845e-12
01:28:20 Rank 1 started step 609 at time = 1.862205131e-09 with dt = 2.866245845e-12
01:28:20 Rank 2 started step 610 at time = 1.865071377e-09 with dt = 2.865615606e-12
01:28:21 Rank 3 started step 611 at time = 1.867936993e-09 with dt = 2.864984916e-12
01:28:51 Rank 0 started step 612 at time = 1.870801977e-09 with dt = 2.864354646e-12
01:28:51 Rank 1 started step 613 at time = 1.873666332e-09 with dt = 2.863727187e-12
01:28:51 Rank 2 started step 614 at time = 1.876530059e-09 with dt = 2.863103451e-12
01:28:51 Rank 3 started step 615 at time = 1.879393163e-09 with dt = 2.86248396e-12
01:29:21 Rank 0 started step 616 at time = 1.882255647e-09 with dt = 2.861869343e-12
01:29:22 Rank 1 started step 617 at time = 1.885117516e-09 with dt = 2.861239947e-12
01:29:22 Rank 2 started step 618 at time = 1.887978756e-09 with dt = 2.860609222e-12
01:29:22 Rank 3 started step 619 at time = 1.890839365e-09 with dt = 2.859983636e-12
01:29:52 Rank 0 started step 620 at time = 1.893699349e-09 with dt = 2.859362988e-12
01:29:52 Rank 1 started step 621 at time = 1.896558712e-09 with dt = 2.858747492e-12
01:29:53 Rank 2 started step 622 at time = 1.899417459e-09 with dt = 2.858136465e-12
01:29:53 Rank 3 started step 623 at time = 1.902275596e-09 with dt = 2.857525952e-12
01:30:23 Rank 0 started step 624 at time = 1.905133122e-09 with dt = 2.856912826e-12
01:30:23 Rank 1 started step 625 at time = 1.907990035e-09 with dt = 2.856295122e-12
01:30:23 Rank 2 started step 626 at time = 1.91084633e-09 with dt = 2.855670245e-12
01:30:24 Rank 3 started step 627 at time = 1.913702e-09 with dt = 2.855044189e-12
01:30:54 Rank 0 started step 628 at time = 1.916557044e-09 with dt = 2.854412176e-12
01:30:54 Rank 1 started step 629 at time = 1.919411456e-09 with dt = 2.853776752e-12
01:30:54 Rank 2 started step 630 at time = 1.922265233e-09 with dt = 2.853139199e-12
01:30:54 Rank 3 started step 631 at time = 1.925118372e-09 with dt = 2.852500544e-12
01:31:24 Rank 0 started step 632 at time = 1.927970873e-09 with dt = 2.851862624e-12
01:31:25 Rank 1 started step 633 at time = 1.930822735e-09 with dt = 2.851230164e-12
01:32:07 Rank 2 started step 634 at time = 1.933673966e-09 with dt = 2.850604719e-12
01:32:07 Rank 3 started step 635 at time = 1.93652457e-09 with dt = 2.849985647e-12
01:32:07 Rank 0 started step 636 at time = 1.939374556e-09 with dt = 2.849374615e-12
01:32:07 Rank 1 started step 637 at time = 1.942223931e-09 with dt = 2.848767106e-12
01:32:38 Rank 2 started step 638 at time = 1.945072698e-09 with dt = 2.848159814e-12
01:32:38 Rank 3 started step 639 at time = 1.947920857e-09 with dt = 2.847550783e-12
01:32:39 Rank 0 started step 640 at time = 1.950768408e-09 with dt = 2.846938763e-12
01:32:39 Rank 1 started step 641 at time = 1.953615347e-09 with dt = 2.846322956e-12
01:33:09 Rank 2 started step 642 at time = 1.95646167e-09 with dt = 2.845703338e-12
01:33:09 Rank 3 started step 643 at time = 1.959307373e-09 with dt = 2.845080054e-12
01:33:09 Rank 0 started step 644 at time = 1.962152453e-09 with dt = 2.844453596e-12
01:33:09 Rank 1 started step 645 at time = 1.964996907e-09 with dt = 2.843824591e-12
01:33:40 Rank 2 started step 646 at time = 1.967840732e-09 with dt = 2.843193337e-12
01:33:40 Rank 3 started step 647 at time = 1.970683925e-09 with dt = 2.842561022e-12
01:33:40 Rank 0 started step 648 at time = 1.973526486e-09 with dt = 2.841929637e-12
01:33:40 Rank 1 started step 649 at time = 1.976368416e-09 with dt = 2.841304145e-12
01:34:10 Rank 2 started step 650 at time = 1.97920972e-09 with dt = 2.840686192e-12
01:34:10 Rank 3 started step 651 at time = 1.982050406e-09 with dt = 2.840073514e-12
01:34:11 Rank 0 started step 652 at time = 1.984890479e-09 with dt = 2.839460492e-12
01:34:11 Rank 1 started step 653 at time = 1.98772994e-09 with dt = 2.83884591e-12
01:34:41 Rank 2 started step 654 at time = 1.990568786e-09 with dt = 2.838228249e-12
01:34:41 Rank 3 started step 655 at time = 1.993407014e-09 with dt = 2.837607311e-12
01:34:41 Rank 0 started step 656 at time = 1.996244621e-09 with dt = 2.836982279e-12
01:34:42 Rank 1 started step 657 at time = 1.999081604e-09 with dt = 2.83635416e-12
01:35:12 Rank 2 started step 658 at time = 2.001917958e-09 with dt = 2.835723656e-12
01:35:12 Rank 3 started step 659 at time = 2.004753681e-09 with dt = 2.8350914e-12
01:35:12 Rank 0 started step 660 at time = 2.007588773e-09 with dt = 2.834458159e-12
01:35:12 Rank 1 started step 661 at time = 2.010423231e-09 with dt = 2.833824944e-12
01:35:42 Rank 2 started step 662 at time = 2.013257056e-09 with dt = 2.833191818e-12
01:35:42 Rank 3 started step 663 at time = 2.016090248e-09 with dt = 2.832560299e-12
01:36:23 Rank 0 started step 664 at time = 2.018922808e-09 with dt = 2.831936155e-12
01:36:23 Rank 1 started step 665 at time = 2.021754744e-09 with dt = 2.831323977e-12
01:36:23 Rank 2 started step 666 at time = 2.024586068e-09 with dt = 2.830715349e-12
01:36:23 Rank 3 started step 667 at time = 2.027416784e-09 with dt = 2.830107306e-12
01:36:54 Rank 0 started step 668 at time = 2.030246891e-09 with dt = 2.829499269e-12
01:36:54 Rank 1 started step 669 at time = 2.03307639e-09 with dt = 2.828890288e-12
01:36:54 Rank 2 started step 670 at time = 2.03590528e-09 with dt = 2.828279772e-12
01:36:55 Rank 3 started step 671 at time = 2.03873356e-09 with dt = 2.82766789e-12
01:37:25 Rank 0 started step 672 at time = 2.041561228e-09 with dt = 2.827054058e-12
01:37:25 Rank 1 started step 673 at time = 2.044388282e-09 with dt = 2.826438507e-12
01:37:25 Rank 2 started step 674 at time = 2.047214721e-09 with dt = 2.825821298e-12
01:37:25 Rank 3 started step 675 at time = 2.050040542e-09 with dt = 2.825202453e-12
01:37:55 Rank 0 started step 676 at time = 2.052865744e-09 with dt = 2.824581303e-12
01:37:55 Rank 1 started step 677 at time = 2.055690326e-09 with dt = 2.823957667e-12
01:37:56 Rank 2 started step 678 at time = 2.058514283e-09 with dt = 2.823332266e-12
01:37:56 Rank 3 started step 679 at time = 2.061337616e-09 with dt = 2.822710581e-12
01:38:26 Rank 0 started step 680 at time = 2.064160326e-09 with dt = 2.822094826e-12
01:38:26 Rank 1 started step 681 at time = 2.066982421e-09 with dt = 2.821478786e-12
01:38:26 Rank 2 started step 682 at time = 2.0698039e-09 with dt = 2.820861228e-12
01:38:26 Rank 3 started step 683 at time = 2.072624761e-09 with dt = 2.820241321e-12
01:38:56 Rank 0 started step 684 at time = 2.075445002e-09 with dt = 2.819619437e-12
01:38:57 Rank 1 started step 685 at time = 2.078264622e-09 with dt = 2.818995929e-12
01:38:57 Rank 2 started step 686 at time = 2.081083618e-09 with dt = 2.818371814e-12
01:38:57 Rank 3 started step 687 at time = 2.08390199e-09 with dt = 2.81774742e-12
01:39:27 Rank 0 started step 688 at time = 2.086719737e-09 with dt = 2.81712326e-12
01:39:27 Rank 1 started step 689 at time = 2.08953686e-09 with dt = 2.816499342e-12
01:39:27 Rank 2 started step 690 at time = 2.09235336e-09 with dt = 2.815875755e-12
01:39:27 Rank 3 started step 691 at time = 2.095169235e-09 with dt = 2.815252105e-12
01:39:57 Rank 0 started step 692 at time = 2.097984487e-09 with dt = 2.814628211e-12
01:39:58 Rank 1 started step 693 at time = 2.100799116e-09 with dt = 2.814004745e-12
01:40:41 Rank 2 started step 694 at time = 2.10361312e-09 with dt = 2.813384526e-12
01:40:41 Rank 3 started step 695 at time = 2.106426505e-09 with dt = 2.81276763e-12
01:40:41 Rank 0 started step 696 at time = 2.109239273e-09 with dt = 2.81215318e-12
01:40:41 Rank 1 started step 697 at time = 2.112051426e-09 with dt = 2.811539136e-12
01:41:11 Rank 2 started step 698 at time = 2.114862965e-09 with dt = 2.810924871e-12
01:41:11 Rank 3 started step 699 at time = 2.11767389e-09 with dt = 2.810310814e-12
01:41:12 Rank 0 started step 700 at time = 2.120484201e-09 with dt = 2.809696947e-12
01:41:12 Rank 1 started step 701 at time = 2.123293897e-09 with dt = 2.809084234e-12
01:41:42 Rank 2 started step 702 at time = 2.126102982e-09 with dt = 2.808472738e-12
01:41:42 Rank 3 started step 703 at time = 2.128911454e-09 with dt = 2.807862228e-12
01:41:42 Rank 0 started step 704 at time = 2.131719317e-09 with dt = 2.807252645e-12
01:41:42 Rank 1 started step 705 at time = 2.134526569e-09 with dt = 2.806642729e-12
01:42:12 Rank 2 started step 706 at time = 2.137333212e-09 with dt = 2.806030864e-12
01:42:12 Rank 3 started step 707 at time = 2.140139243e-09 with dt = 2.805416393e-12
01:42:13 Rank 0 started step 708 at time = 2.142944659e-09 with dt = 2.804799688e-12
01:42:13 Rank 1 started step 709 at time = 2.145749459e-09 with dt = 2.804180728e-12
01:42:43 Rank 2 started step 710 at time = 2.14855364e-09 with dt = 2.803560053e-12
01:42:43 Rank 3 started step 711 at time = 2.1513572e-09 with dt = 2.80293787e-12
01:42:43 Rank 0 started step 712 at time = 2.154160138e-09 with dt = 2.80231429e-12
01:42:43 Rank 1 started step 713 at time = 2.156962452e-09 with dt = 2.801689203e-12
01:43:13 Rank 2 started step 714 at time = 2.159764141e-09 with dt = 2.801062972e-12
01:43:13 Rank 3 started step 715 at time = 2.162565204e-09 with dt = 2.800436687e-12
01:43:14 Rank 0 started step 716 at time = 2.165365641e-09 with dt = 2.799811921e-12
01:43:14 Rank 1 started step 717 at time = 2.168165453e-09 with dt = 2.799189406e-12
01:43:44 Rank 2 started step 718 at time = 2.170964642e-09 with dt = 2.798569855e-12
01:43:44 Rank 3 started step 719 at time = 2.173763212e-09 with dt = 2.797953111e-12
01:43:44 Rank 0 started step 720 at time = 2.176561165e-09 with dt = 2.797338346e-12
01:43:44 Rank 1 started step 721 at time = 2.179358503e-09 with dt = 2.796724256e-12
01:44:14 Rank 2 started step 722 at time = 2.182155228e-09 with dt = 2.796110104e-12
01:44:14 Rank 3 started step 723 at time = 2.184951338e-09 with dt = 2.795494196e-12
01:44:57 Rank 0 started step 724 at time = 2.187746832e-09 with dt = 2.794875979e-12
01:44:57 Rank 1 started step 725 at time = 2.190541708e-09 with dt = 2.794256018e-12
01:44:57 Rank 2 started step 726 at time = 2.193335964e-09 with dt = 2.793635054e-12
01:44:57 Rank 3 started step 727 at time = 2.196129599e-09 with dt = 2.793015466e-12
01:45:28 Rank 0 started step 728 at time = 2.198922615e-09 with dt = 2.792397249e-12
01:45:28 Rank 1 started step 729 at time = 2.201715012e-09 with dt = 2.791780067e-12
01:45:28 Rank 2 started step 730 at time = 2.204506792e-09 with dt = 2.791165299e-12
01:45:28 Rank 3 started step 731 at time = 2.207297957e-09 with dt = 2.79055421e-12
01:45:58 Rank 0 started step 732 at time = 2.210088511e-09 with dt = 2.789946734e-12
01:45:58 Rank 1 started step 733 at time = 2.212878458e-09 with dt = 2.789343135e-12
01:45:59 Rank 2 started step 734 at time = 2.215667801e-09 with dt = 2.788742552e-12
01:45:59 Rank 3 started step 735 at time = 2.218456544e-09 with dt = 2.788143363e-12
01:46:29 Rank 0 started step 736 at time = 2.221244687e-09 with dt = 2.78754345e-12
01:46:29 Rank 1 started step 737 at time = 2.224032231e-09 with dt = 2.786939889e-12
01:46:29 Rank 2 started step 738 at time = 2.22681917e-09 with dt = 2.786330782e-12
01:46:29 Rank 3 started step 739 at time = 2.229605501e-09 with dt = 2.78571531e-12
01:46:59 Rank 0 started step 740 at time = 2.232391217e-09 with dt = 2.785094163e-12
01:46:59 Rank 1 started step 741 at time = 2.235176311e-09 with dt = 2.78446872e-12
01:46:59 Rank 2 started step 742 at time = 2.237960779e-09 with dt = 2.783840523e-12
01:46:59 Rank 3 started step 743 at time = 2.24074462e-09 with dt = 2.783212105e-12
01:47:29 Rank 0 started step 744 at time = 2.243527832e-09 with dt = 2.782583575e-12
01:47:30 Rank 1 started step 745 at time = 2.246310416e-09 with dt = 2.781957689e-12
01:47:30 Rank 2 started step 746 at time = 2.249092373e-09 with dt = 2.781335813e-12
01:47:30 Rank 3 started step 747 at time = 2.251873709e-09 with dt = 2.780718638e-12
01:47:59 Rank 0 started step 748 at time = 2.254654428e-09 with dt = 2.780106744e-12
01:48:00 Rank 1 started step 749 at time = 2.257434535e-09 with dt = 2.779499697e-12
01:48:00 Rank 2 started step 750 at time = 2.260214034e-09 with dt = 2.778896182e-12
01:48:00 Rank 3 started step 751 at time = 2.26299293e-09 with dt = 2.778293553e-12
01:48:30 Rank 0 started step 752 at time = 2.265771224e-09 with dt = 2.777688755e-12
01:48:30 Rank 1 started step 753 at time = 2.268548913e-09 with dt = 2.777079885e-12
01:49:14 Rank 2 started step 754 at time = 2.271325993e-09 with dt = 2.776465848e-12
01:49:14 Rank 3 started step 755 at time = 2.274102458e-09 with dt = 2.775847209e-12
01:49:14 Rank 0 started step 756 at time = 2.276878306e-09 with dt = 2.775225512e-12
01:49:14 Rank 1 started step 757 at time = 2.279653531e-09 with dt = 2.774602586e-12
01:49:44 Rank 2 started step 758 at time = 2.282428134e-09 with dt = 2.773980637e-12
01:49:44 Rank 3 started step 759 at time = 2.285202114e-09 with dt = 2.773362254e-12
01:49:45 Rank 0 started step 760 at time = 2.287975477e-09 with dt = 2.772748077e-12
01:49:45 Rank 1 started step 761 at time = 2.290748225e-09 with dt = 2.77213873e-12
01:50:15 Rank 2 started step 762 at time = 2.293520363e-09 with dt = 2.771534423e-12
01:50:15 Rank 3 started step 763 at time = 2.296291898e-09 with dt = 2.770935117e-12
01:50:15 Rank 0 started step 764 at time = 2.299062833e-09 with dt = 2.770339582e-12
01:50:15 Rank 1 started step 765 at time = 2.301833173e-09 with dt = 2.769746242e-12
01:50:45 Rank 2 started step 766 at time = 2.304602919e-09 with dt = 2.769151196e-12
01:50:45 Rank 3 started step 767 at time = 2.30737207e-09 with dt = 2.768551603e-12
01:50:45 Rank 0 started step 768 at time = 2.310140622e-09 with dt = 2.767945304e-12
01:50:45 Rank 1 started step 769 at time = 2.312908567e-09 with dt = 2.767331754e-12
01:51:15 Rank 2 started step 770 at time = 2.315675899e-09 with dt = 2.766711397e-12
01:51:15 Rank 3 started step 771 at time = 2.31844261e-09 with dt = 2.766085696e-12
01:51:16 Rank 0 started step 772 at time = 2.321208696e-09 with dt = 2.765456682e-12
01:51:16 Rank 1 started step 773 at time = 2.323974152e-09 with dt = 2.764826314e-12
01:51:45 Rank 2 started step 774 at time = 2.326738979e-09 with dt = 2.764198173e-12
01:51:46 Rank 3 started step 775 at time = 2.329503177e-09 with dt = 2.763574341e-12
01:51:46 Rank 0 started step 776 at time = 2.332266751e-09 with dt = 2.681915119e-12
01:51:46 Rank 1 started step 777 at time = 2.334948666e-09 with dt = 0

Finished Evolve after 6782 seconds using 4 ranks
Total time per particle push: 1.487 nanoseconds (1.487 plasma, 8824 beam)
Total time per cell update: 8.677 nanoseconds


TinyProfiler total time across processes [min...avg...max]: 6782 ... 6782 ... 6782

------------------------------------------------------------------------------------------------------
Name                                                   NCalls  Excl. Min  Excl. Avg  Excl. Max   Max %
------------------------------------------------------------------------------------------------------
hpmg::MultiGrid::solve1()                              186720       3053       3063       3068  45.24%
DepositCurrent_PlasmaParticleContainer()               373829       1896       1917       1928  28.43%
Hipace::Evolve()                                            1      210.1      468.5      759.4  11.20%
OpenPMDWriter::flush()                                      6          0      280.5      544.9   8.03%
shiftSlippedParticles()                                116260      447.1      451.1        453   6.68%
AdaptiveTimeStep::GatherMinUzSlice()                   186720      447.7      449.8      451.2   6.65%
MultiBuffer::get_data()                                186720      109.9      112.8      120.9   1.78%
Hipace::SolveOneSlice()                                186720      0.893      1.036      1.201   0.02%
Hipace::ExplicitMGSolveBxBy()                          186720     0.8933      1.002      1.047   0.02%
main()                                                      1   0.004798    0.02254     0.0393   0.00%
Other                                                 3614668      31.66      37.19      42.73   0.63%
------------------------------------------------------------------------------------------------------

------------------------------------------------------------------------------------------------------
Name                                                   NCalls  Incl. Min  Incl. Avg  Incl. Max   Max %
------------------------------------------------------------------------------------------------------
main()                                                      1       6782       6782       6782 100.00%
Hipace::Evolve()                                            1       6782       6782       6782 100.00%
Hipace::SolveOneSlice()                                186720       6016       6032       6052  89.23%
Hipace::ExplicitMGSolveBxBy()                          186720       3054       3064       3069  45.26%
hpmg::MultiGrid::solve1()                              186720       3053       3063       3068  45.24%
DepositCurrent_PlasmaParticleContainer()               373829       1896       1917       1928  28.43%
OpenPMDWriter::flush()                                      6          0      280.5      544.9   8.03%
shiftSlippedParticles()                                116260      447.2      451.1      453.1   6.68%
AdaptiveTimeStep::GatherMinUzSlice()                   186720      447.7      449.8      451.2   6.65%
MultiBuffer::get_data()                                186720      109.9        113        121   1.78%
Other                                                 3614668      42.92      50.19      57.33   0.85%
------------------------------------------------------------------------------------------------------

Unused ParmParse Variables:
  [TOP]::hipace.numprocs_x(nvals = 1)  :: [1]
  [TOP]::hipace.numprocs_y(nvals = 1)  :: [1]

Device Memory Usage:
----------------------------------------------------------------------------------------------------------------------------------------
Name                                             Nalloc    Nfree  AvgMem min  AvgMem avg  AvgMem max  MaxMem min  MaxMem avg  MaxMem max
----------------------------------------------------------------------------------------------------------------------------------------
The_Arena::Initialize()                               4        4    1682   B    1825   B    1967   B      11 GiB      11 GiB      11 GiB
PlasmaParticleContainer::InitParticles()          82468    82468     582 MiB     582 MiB     582 MiB     590 MiB     590 MiB     590 MiB
Fields::AllocData()                                   4        4     168 MiB     168 MiB     168 MiB     168 MiB     168 MiB     168 MiB
Hipace::ExplicitMGSolveBxBy()                       144      144      58 MiB      58 MiB      58 MiB      58 MiB      58 MiB      58 MiB
FFTPoissonSolverDirichletFast::define()              28       28      39 MiB      39 MiB      39 MiB      39 MiB      39 MiB      39 MiB
ResizeRandomSeed                                      4        4      29 MiB      30 MiB      30 MiB      30 MiB      30 MiB      30 MiB
sortBeamParticlesByBox()                              4        4       0   B    1953 KiB    7812 KiB       0   B    1957 KiB    7828 KiB
BeamParticleContainer::InitBeamFixedWeight3D()        1        1       0   B    1953 KiB    7812 KiB       0   B    1953 KiB    7812 KiB
BeamParticleContainer::resize()                    7675     7675     694 KiB     695 KiB     697 KiB     729 KiB     731 KiB     733 KiB
AdaptiveTimeStep::GatherMinUzSlice()             746880   746880      42 KiB      42 KiB      42 KiB     640 KiB     640 KiB     640 KiB
MultiBuffer::get_data()                            1017     1017     306 KiB     308 KiB     309 KiB     458 KiB     545 KiB     618 KiB
MultiBuffer::put_data()                             428      428     309 KiB     309 KiB     309 KiB     513 KiB     578 KiB     618 KiB
hpmg::MultiGrid::solve1()                       2720868  2720868     136 KiB     136 KiB     137 KiB     320 KiB     320 KiB     320 KiB
shiftSlippedParticles()                         1921172  1921172    5362   B    5411   B    5436   B      80 KiB      80 KiB      80 KiB
main()                                               44       44     335   B     335   B     335   B     336   B     336   B     336   B
Hipace::InitData()                                   12       12     127   B     127   B     127   B     128   B     128   B     128   B
Fields::Copy()                                        3        3       0   B      15   B      31   B       0   B      24   B      32   B
DepositCurrent_PlasmaParticleContainer()        1495316  1495316       4   B       4   B       4   B      16   B      16   B      16   B
----------------------------------------------------------------------------------------------------------------------------------------

Managed Memory Usage:
----------------------------------------------------------------------------------------------------------------------
Name                             Nalloc  Nfree  AvgMem min  AvgMem avg  AvgMem max  MaxMem min  MaxMem avg  MaxMem max
----------------------------------------------------------------------------------------------------------------------
The_Managed_Arena::Initialize()       4      4       0   B       0   B       0   B    8192 KiB    8192 KiB    8192 KiB
----------------------------------------------------------------------------------------------------------------------

Pinned Memory Usage:
----------------------------------------------------------------------------------------------------------------------------------
Name                                       Nalloc    Nfree  AvgMem min  AvgMem avg  AvgMem max  MaxMem min  MaxMem avg  MaxMem max
----------------------------------------------------------------------------------------------------------------------------------
Diagnostic::ResizeFDiagFAB()                    3        3       0   B      59 MiB     119 MiB       0   B      89 MiB     119 MiB
OpenPMDWriter::InitBeamData()                 216      216       0   B    3719 KiB    7236 KiB       0   B      45 MiB      61 MiB
MultiBuffer::put_data()                    928355   928355      17 MiB      18 MiB      19 MiB      59 MiB      60 MiB      60 MiB
The_Pinned_Arena::Initialize()                  4        4       5   B       5   B       5   B    8192 KiB    8192 KiB    8192 KiB
Hipace::InitData()                            144      144      15 KiB      15 KiB      15 KiB      15 KiB      15 KiB      15 KiB
MultiBuffer::get_data()                       832      832       0   B       0   B       1   B    5632   B    5632   B    5632   B
Hipace::ExplicitMGSolveBxBy()                   4        4    1023   B    1023   B    1023   B    1024   B    1024   B    1024   B
main()                                        172      172     335   B     335   B     335   B     368   B     368   B     368   B
AdaptiveTimeStep::GatherMinUzSlice()       746880   746880       2   B       2   B       2   B      32   B      32   B      32   B
Fields::Copy()                                  3        3       0   B      15   B      31   B       0   B      24   B      32   B
PlasmaParticleContainer::InitParticles()     1556     1556       0   B       0   B       0   B      16   B      16   B      16   B
hpmg::MultiGrid::solve1()                 2720868  2720868       7   B       7   B       7   B      16   B      16   B      16   B
shiftSlippedParticles()                    930086   930086       1   B       1   B       1   B      16   B      16   B      16   B
----------------------------------------------------------------------------------------------------------------------------------

Total GPU global memory (MB) spread across MPI: [16144 ... 16144]
Free  GPU global memory (MB) spread across MPI: [3716 ... 3716]
[The         Arena] space (MB) allocated spread across MPI: [12108 ... 12108]
[The         Arena] space (MB) used      spread across MPI: [0 ... 0]
[The Managed Arena] space (MB) allocated spread across MPI: [8 ... 8]
[The Managed Arena] space (MB) used      spread across MPI: [0 ... 0]
[The  Pinned Arena] space (MB) allocated spread across MPI: [64 ... 247]
[The  Pinned Arena] space (MB) used      spread across MPI: [0 ... 0]
AMReX (25.03-10-gc35770e39300) finalized
